{"C:\\Users\\Admin\\Desktop\\Devlopement\\CryptoStreamHub\\frontend\\public\\assets\\icons\\FaceBook.png": {"path":"C:\\Users\\Admin\\Desktop\\Devlopement\\CryptoStreamHub\\frontend\\public\\assets\\icons\\FaceBook.png","statementMap":{"0":{"start":{"line":1,"column":0},"end":{"line":1,"column":19}}},"fnMap":{},"branchMap":{},"s":{"0":6},"f":{},"b":{},"_coverageSchema":"1a1c01bbd47fc00a2c39e90264f33305004495a9","hash":"4e73f299d63d6a1ec10c53e327776771a0333211"}
,"C:\\Users\\Admin\\Desktop\\Devlopement\\CryptoStreamHub\\frontend\\public\\assets\\icons\\Google.png": {"path":"C:\\Users\\Admin\\Desktop\\Devlopement\\CryptoStreamHub\\frontend\\public\\assets\\icons\\Google.png","statementMap":{"0":{"start":{"line":1,"column":0},"end":{"line":1,"column":19}}},"fnMap":{},"branchMap":{},"s":{"0":6},"f":{},"b":{},"_coverageSchema":"1a1c01bbd47fc00a2c39e90264f33305004495a9","hash":"941da72c017c335a275775a8703790fdb755978c"}
,"C:\\Users\\Admin\\Desktop\\Devlopement\\CryptoStreamHub\\frontend\\public\\assets\\icons\\Microsoft.png": {"path":"C:\\Users\\Admin\\Desktop\\Devlopement\\CryptoStreamHub\\frontend\\public\\assets\\icons\\Microsoft.png","statementMap":{"0":{"start":{"line":1,"column":0},"end":{"line":1,"column":19}}},"fnMap":{},"branchMap":{},"s":{"0":6},"f":{},"b":{},"_coverageSchema":"1a1c01bbd47fc00a2c39e90264f33305004495a9","hash":"4ffae596589a1c4c3f964c477cf8d5b790467288"}
,"C:\\Users\\Admin\\Desktop\\Devlopement\\CryptoStreamHub\\frontend\\public\\assets\\images\\BitCoin.png": {"path":"C:\\Users\\Admin\\Desktop\\Devlopement\\CryptoStreamHub\\frontend\\public\\assets\\images\\BitCoin.png","statementMap":{"0":{"start":{"line":1,"column":0},"end":{"line":1,"column":19}}},"fnMap":{},"branchMap":{},"s":{"0":1},"f":{},"b":{},"_coverageSchema":"1a1c01bbd47fc00a2c39e90264f33305004495a9","hash":"52c98d3141b0e991d7aef8b818e90dfd79cae9f9"}
,"C:\\Users\\Admin\\Desktop\\Devlopement\\CryptoStreamHub\\frontend\\src\\components\\atoms\\Button\\index.tsx": {"path":"C:\\Users\\Admin\\Desktop\\Devlopement\\CryptoStreamHub\\frontend\\src\\components\\atoms\\Button\\index.tsx","statementMap":{"0":{"start":{"line":6,"column":21},"end":{"line":8,"column":2}},"1":{"start":{"line":10,"column":45},"end":{"line":16,"column":1}},"2":{"start":{"line":11,"column":2},"end":{"line":15,"column":4}}},"fnMap":{"0":{"name":"(anonymous_0)","decl":{"start":{"line":10,"column":45},"end":{"line":10,"column":46}},"loc":{"start":{"line":10,"column":72},"end":{"line":16,"column":1}},"line":10}},"branchMap":{},"s":{"0":7,"1":7,"2":18},"f":{"0":18},"b":{},"_coverageSchema":"1a1c01bbd47fc00a2c39e90264f33305004495a9","hash":"c794c42a0cbb0f1a527580b54518f851e11cf47b"}
,"C:\\Users\\Admin\\Desktop\\Devlopement\\CryptoStreamHub\\frontend\\src\\components\\atoms\\Chip\\index.tsx": {"path":"C:\\Users\\Admin\\Desktop\\Devlopement\\CryptoStreamHub\\frontend\\src\\components\\atoms\\Chip\\index.tsx","statementMap":{"0":{"start":{"line":4,"column":13},"end":{"line":6,"column":1}},"1":{"start":{"line":5,"column":2},"end":{"line":5,"column":32}}},"fnMap":{"0":{"name":"(anonymous_0)","decl":{"start":{"line":4,"column":13},"end":{"line":4,"column":14}},"loc":{"start":{"line":4,"column":35},"end":{"line":6,"column":1}},"line":4}},"branchMap":{},"s":{"0":2,"1":4},"f":{"0":4},"b":{},"_coverageSchema":"1a1c01bbd47fc00a2c39e90264f33305004495a9","hash":"fbe80a9774ac616d4c20695ac4b2538d23204e43"}
,"C:\\Users\\Admin\\Desktop\\Devlopement\\CryptoStreamHub\\frontend\\src\\components\\atoms\\Icon\\index.tsx": {"path":"C:\\Users\\Admin\\Desktop\\Devlopement\\CryptoStreamHub\\frontend\\src\\components\\atoms\\Icon\\index.tsx","statementMap":{"0":{"start":{"line":10,"column":13},"end":{"line":12,"column":1}},"1":{"start":{"line":11,"column":2},"end":{"line":11,"column":38}}},"fnMap":{"0":{"name":"(anonymous_0)","decl":{"start":{"line":10,"column":13},"end":{"line":10,"column":14}},"loc":{"start":{"line":10,"column":36},"end":{"line":12,"column":1}},"line":10}},"branchMap":{},"s":{"0":9,"1":31},"f":{"0":31},"b":{},"_coverageSchema":"1a1c01bbd47fc00a2c39e90264f33305004495a9","hash":"c26d5d8066217f50125180a22570895fdaf2f8ff"}
,"C:\\Users\\Admin\\Desktop\\Devlopement\\CryptoStreamHub\\frontend\\src\\components\\atoms\\Image\\index.tsx": {"path":"C:\\Users\\Admin\\Desktop\\Devlopement\\CryptoStreamHub\\frontend\\src\\components\\atoms\\Image\\index.tsx","statementMap":{"0":{"start":{"line":9,"column":14},"end":{"line":15,"column":1}},"1":{"start":{"line":10,"column":2},"end":{"line":14,"column":4}}},"fnMap":{"0":{"name":"(anonymous_0)","decl":{"start":{"line":9,"column":14},"end":{"line":9,"column":15}},"loc":{"start":{"line":9,"column":38},"end":{"line":15,"column":1}},"line":9}},"branchMap":{},"s":{"0":4,"1":9},"f":{"0":9},"b":{},"_coverageSchema":"1a1c01bbd47fc00a2c39e90264f33305004495a9","hash":"2b154b38f6bd17158498bd134ffdb9471b3feb20"}
,"C:\\Users\\Admin\\Desktop\\Devlopement\\CryptoStreamHub\\frontend\\src\\components\\atoms\\Slider\\index.tsx": {"path":"C:\\Users\\Admin\\Desktop\\Devlopement\\CryptoStreamHub\\frontend\\src\\components\\atoms\\Slider\\index.tsx","statementMap":{"0":{"start":{"line":9,"column":21},"end":{"line":22,"column":2}},"1":{"start":{"line":24,"column":18},"end":{"line":27,"column":2}},"2":{"start":{"line":29,"column":15},"end":{"line":43,"column":1}},"3":{"start":{"line":30,"column":2},"end":{"line":42,"column":4}}},"fnMap":{"0":{"name":"(anonymous_0)","decl":{"start":{"line":29,"column":15},"end":{"line":29,"column":16}},"loc":{"start":{"line":29,"column":53},"end":{"line":43,"column":1}},"line":29}},"branchMap":{},"s":{"0":1,"1":1,"2":1,"3":2},"f":{"0":2},"b":{},"_coverageSchema":"1a1c01bbd47fc00a2c39e90264f33305004495a9","hash":"cf36f756898fecbaa3daad76682b550ad4028daf"}
,"C:\\Users\\Admin\\Desktop\\Devlopement\\CryptoStreamHub\\frontend\\src\\components\\atoms\\TextFields\\index.tsx": {"path":"C:\\Users\\Admin\\Desktop\\Devlopement\\CryptoStreamHub\\frontend\\src\\components\\atoms\\TextFields\\index.tsx","statementMap":{"0":{"start":{"line":5,"column":20},"end":{"line":16,"column":2}},"1":{"start":{"line":17,"column":50},"end":{"line":19,"column":1}},"2":{"start":{"line":18,"column":2},"end":{"line":18,"column":55}}},"fnMap":{"0":{"name":"(anonymous_0)","decl":{"start":{"line":17,"column":50},"end":{"line":17,"column":51}},"loc":{"start":{"line":17,"column":77},"end":{"line":19,"column":1}},"line":17}},"branchMap":{},"s":{"0":2,"1":2,"2":6},"f":{"0":6},"b":{},"_coverageSchema":"1a1c01bbd47fc00a2c39e90264f33305004495a9","hash":"499794d7f87565eb97a426aa571f0a5870fe1fd5"}
,"C:\\Users\\Admin\\Desktop\\Devlopement\\CryptoStreamHub\\frontend\\src\\components\\atoms\\Typography\\index.tsx": {"path":"C:\\Users\\Admin\\Desktop\\Devlopement\\CryptoStreamHub\\frontend\\src\\components\\atoms\\Typography\\index.tsx","statementMap":{"0":{"start":{"line":8,"column":19},"end":{"line":10,"column":1}},"1":{"start":{"line":9,"column":2},"end":{"line":9,"column":68}}},"fnMap":{"0":{"name":"(anonymous_0)","decl":{"start":{"line":8,"column":19},"end":{"line":8,"column":20}},"loc":{"start":{"line":8,"column":47},"end":{"line":10,"column":1}},"line":8}},"branchMap":{},"s":{"0":13,"1":120},"f":{"0":120},"b":{},"_coverageSchema":"1a1c01bbd47fc00a2c39e90264f33305004495a9","hash":"99b6cf13afbbd204fc8b24ce29613becbc2dde8a"}
,"C:\\Users\\Admin\\Desktop\\Devlopement\\CryptoStreamHub\\frontend\\src\\components\\molecules\\BuySellSummaryCard\\index.tsx": {"path":"C:\\Users\\Admin\\Desktop\\Devlopement\\CryptoStreamHub\\frontend\\src\\components\\molecules\\BuySellSummaryCard\\index.tsx","statementMap":{"0":{"start":{"line":13,"column":18},"end":{"line":18,"column":2}},"1":{"start":{"line":20,"column":27},"end":{"line":28,"column":2}},"2":{"start":{"line":29,"column":27},"end":{"line":33,"column":2}},"3":{"start":{"line":34,"column":25},"end":{"line":39,"column":2}},"4":{"start":{"line":41,"column":22},"end":{"line":47,"column":2}},"5":{"start":{"line":54,"column":20},"end":{"line":60,"column":2}},"6":{"start":{"line":61,"column":28},"end":{"line":88,"column":1}},"7":{"start":{"line":66,"column":2},"end":{"line":87,"column":4}},"8":{"start":{"line":105,"column":20},"end":{"line":313,"column":1}},"9":{"start":{"line":119,"column":2},"end":{"line":312,"column":4}}},"fnMap":{"0":{"name":"(anonymous_0)","decl":{"start":{"line":61,"column":28},"end":{"line":61,"column":29}},"loc":{"start":{"line":65,"column":25},"end":{"line":88,"column":1}},"line":65},"1":{"name":"(anonymous_1)","decl":{"start":{"line":105,"column":20},"end":{"line":105,"column":21}},"loc":{"start":{"line":118,"column":24},"end":{"line":313,"column":1}},"line":118}},"branchMap":{"0":{"loc":{"start":{"line":126,"column":11},"end":{"line":128,"column":44}},"type":"cond-expr","locations":[{"start":{"line":127,"column":14},"end":{"line":127,"column":43}},{"start":{"line":128,"column":14},"end":{"line":128,"column":44}}],"line":126},"1":{"loc":{"start":{"line":143,"column":15},"end":{"line":143,"column":46}},"type":"cond-expr","locations":[{"start":{"line":143,"column":26},"end":{"line":143,"column":34}},{"start":{"line":143,"column":37},"end":{"line":143,"column":46}}],"line":143},"2":{"loc":{"start":{"line":145,"column":12},"end":{"line":147,"column":46}},"type":"cond-expr","locations":[{"start":{"line":146,"column":16},"end":{"line":146,"column":45}},{"start":{"line":147,"column":16},"end":{"line":147,"column":46}}],"line":145},"3":{"loc":{"start":{"line":175,"column":15},"end":{"line":175,"column":41}},"type":"cond-expr","locations":[{"start":{"line":175,"column":26},"end":{"line":175,"column":32}},{"start":{"line":175,"column":35},"end":{"line":175,"column":41}}],"line":175},"4":{"loc":{"start":{"line":184,"column":29},"end":{"line":186,"column":48}},"type":"cond-expr","locations":[{"start":{"line":185,"column":16},"end":{"line":185,"column":42}},{"start":{"line":186,"column":16},"end":{"line":186,"column":48}}],"line":184},"5":{"loc":{"start":{"line":301,"column":29},"end":{"line":303,"column":48}},"type":"cond-expr","locations":[{"start":{"line":302,"column":16},"end":{"line":302,"column":42}},{"start":{"line":303,"column":16},"end":{"line":303,"column":48}}],"line":301}},"s":{"0":1,"1":1,"2":1,"3":1,"4":1,"5":1,"6":1,"7":6,"8":1,"9":2},"f":{"0":6,"1":2},"b":{"0":[1,1],"1":[1,1],"2":[1,1],"3":[1,1],"4":[1,1],"5":[1,1]},"_coverageSchema":"1a1c01bbd47fc00a2c39e90264f33305004495a9","hash":"967086edc9d0059228eefbcd1b2d14efeead4012"}
,"C:\\Users\\Admin\\Desktop\\Devlopement\\CryptoStreamHub\\frontend\\src\\components\\molecules\\ChooseCryptoCard\\index.tsx": {"path":"C:\\Users\\Admin\\Desktop\\Devlopement\\CryptoStreamHub\\frontend\\src\\components\\molecules\\ChooseCryptoCard\\index.tsx","statementMap":{"0":{"start":{"line":15,"column":18},"end":{"line":23,"column":2}},"1":{"start":{"line":25,"column":20},"end":{"line":29,"column":2}},"2":{"start":{"line":31,"column":17},"end":{"line":35,"column":2}},"3":{"start":{"line":36,"column":25},"end":{"line":83,"column":1}},"4":{"start":{"line":43,"column":2},"end":{"line":82,"column":4}}},"fnMap":{"0":{"name":"(anonymous_0)","decl":{"start":{"line":36,"column":25},"end":{"line":36,"column":26}},"loc":{"start":{"line":42,"column":25},"end":{"line":83,"column":1}},"line":42}},"branchMap":{"0":{"loc":{"start":{"line":46,"column":20},"end":{"line":46,"column":66}},"type":"cond-expr","locations":[{"start":{"line":46,"column":41},"end":{"line":46,"column":57}},{"start":{"line":46,"column":60},"end":{"line":46,"column":66}}],"line":46},"1":{"loc":{"start":{"line":78,"column":7},"end":{"line":80,"column":7}},"type":"binary-expr","locations":[{"start":{"line":78,"column":7},"end":{"line":78,"column":25}},{"start":{"line":79,"column":8},"end":{"line":79,"column":70}}],"line":78}},"s":{"0":1,"1":1,"2":1,"3":1,"4":3},"f":{"0":3},"b":{"0":[2,1],"1":[3,2]},"_coverageSchema":"1a1c01bbd47fc00a2c39e90264f33305004495a9","hash":"6b42668f4a3814889c6aa83f07a514b131fb2855"}
,"C:\\Users\\Admin\\Desktop\\Devlopement\\CryptoStreamHub\\frontend\\src\\components\\molecules\\CryptoTableRow\\index.tsx": {"path":"C:\\Users\\Admin\\Desktop\\Devlopement\\CryptoStreamHub\\frontend\\src\\components\\molecules\\CryptoTableRow\\index.tsx","statementMap":{"0":{"start":{"line":24,"column":29},"end":{"line":28,"column":2}},"1":{"start":{"line":30,"column":28},"end":{"line":34,"column":2}},"2":{"start":{"line":36,"column":24},"end":{"line":44,"column":2}},"3":{"start":{"line":46,"column":25},"end":{"line":54,"column":2}},"4":{"start":{"line":56,"column":24},"end":{"line":64,"column":2}},"5":{"start":{"line":66,"column":25},"end":{"line":74,"column":2}},"6":{"start":{"line":76,"column":24},"end":{"line":84,"column":2}},"7":{"start":{"line":86,"column":18},"end":{"line":98,"column":2}},"8":{"start":{"line":100,"column":25},"end":{"line":103,"column":2}},"9":{"start":{"line":105,"column":23},"end":{"line":174,"column":1}},"10":{"start":{"line":118,"column":2},"end":{"line":173,"column":4}}},"fnMap":{"0":{"name":"(anonymous_0)","decl":{"start":{"line":105,"column":23},"end":{"line":105,"column":24}},"loc":{"start":{"line":117,"column":27},"end":{"line":174,"column":1}},"line":117}},"branchMap":{"0":{"loc":{"start":{"line":145,"column":14},"end":{"line":147,"column":48}},"type":"cond-expr","locations":[{"start":{"line":146,"column":18},"end":{"line":146,"column":50}},{"start":{"line":147,"column":18},"end":{"line":147,"column":48}}],"line":145},"1":{"loc":{"start":{"line":150,"column":11},"end":{"line":150,"column":71}},"type":"cond-expr","locations":[{"start":{"line":150,"column":31},"end":{"line":150,"column":50}},{"start":{"line":150,"column":53},"end":{"line":150,"column":71}}],"line":150},"2":{"loc":{"start":{"line":165,"column":15},"end":{"line":165,"column":46}},"type":"cond-expr","locations":[{"start":{"line":165,"column":33},"end":{"line":165,"column":37}},{"start":{"line":165,"column":40},"end":{"line":165,"column":46}}],"line":165}},"s":{"0":1,"1":1,"2":1,"3":1,"4":1,"5":1,"6":1,"7":1,"8":1,"9":1,"10":4},"f":{"0":4},"b":{"0":[1,3],"1":[3,1],"2":[3,1]},"_coverageSchema":"1a1c01bbd47fc00a2c39e90264f33305004495a9","hash":"bd9fa30c1437154439223d62731a04a205dc96ad"}
,"C:\\Users\\Admin\\Desktop\\Devlopement\\CryptoStreamHub\\frontend\\src\\components\\molecules\\Footer\\index.tsx": {"path":"C:\\Users\\Admin\\Desktop\\Devlopement\\CryptoStreamHub\\frontend\\src\\components\\molecules\\Footer\\index.tsx","statementMap":{"0":{"start":{"line":17,"column":20},"end":{"line":24,"column":2}},"1":{"start":{"line":25,"column":21},"end":{"line":30,"column":2}},"2":{"start":{"line":32,"column":26},"end":{"line":37,"column":2}},"3":{"start":{"line":38,"column":15},"end":{"line":92,"column":1}},"4":{"start":{"line":46,"column":2},"end":{"line":91,"column":4}}},"fnMap":{"0":{"name":"(anonymous_0)","decl":{"start":{"line":38,"column":15},"end":{"line":38,"column":16}},"loc":{"start":{"line":45,"column":19},"end":{"line":92,"column":1}},"line":45}},"branchMap":{},"s":{"0":1,"1":1,"2":1,"3":1,"4":1},"f":{"0":1},"b":{},"_coverageSchema":"1a1c01bbd47fc00a2c39e90264f33305004495a9","hash":"c6e6f8ef91336444fa60fa4d747ca963ee1a7791"}
,"C:\\Users\\Admin\\Desktop\\Devlopement\\CryptoStreamHub\\frontend\\src\\components\\molecules\\PaymentSuccessCard\\index.tsx": {"path":"C:\\Users\\Admin\\Desktop\\Devlopement\\CryptoStreamHub\\frontend\\src\\components\\molecules\\PaymentSuccessCard\\index.tsx","statementMap":{"0":{"start":{"line":17,"column":24},"end":{"line":24,"column":2}},"1":{"start":{"line":26,"column":28},"end":{"line":31,"column":2}},"2":{"start":{"line":33,"column":21},"end":{"line":36,"column":2}},"3":{"start":{"line":37,"column":57},"end":{"line":70,"column":1}},"4":{"start":{"line":45,"column":2},"end":{"line":69,"column":4}}},"fnMap":{"0":{"name":"(anonymous_0)","decl":{"start":{"line":37,"column":57},"end":{"line":37,"column":58}},"loc":{"start":{"line":44,"column":6},"end":{"line":70,"column":1}},"line":44}},"branchMap":{},"s":{"0":1,"1":1,"2":1,"3":1,"4":2},"f":{"0":2},"b":{},"_coverageSchema":"1a1c01bbd47fc00a2c39e90264f33305004495a9","hash":"0caeb261bc1f2df4cbd794a63f289a7ac2c2decf"}
,"C:\\Users\\Admin\\Desktop\\Devlopement\\CryptoStreamHub\\frontend\\src\\components\\molecules\\RecentTransactionRow\\index.tsx": {"path":"C:\\Users\\Admin\\Desktop\\Devlopement\\CryptoStreamHub\\frontend\\src\\components\\molecules\\RecentTransactionRow\\index.tsx","statementMap":{"0":{"start":{"line":19,"column":25},"end":{"line":22,"column":2}},"1":{"start":{"line":24,"column":24},"end":{"line":28,"column":2}},"2":{"start":{"line":30,"column":27},"end":{"line":34,"column":2}},"3":{"start":{"line":36,"column":29},"end":{"line":41,"column":2}},"4":{"start":{"line":43,"column":29},"end":{"line":48,"column":2}},"5":{"start":{"line":50,"column":29},"end":{"line":52,"column":2}},"6":{"start":{"line":54,"column":30},"end":{"line":59,"column":2}},"7":{"start":{"line":61,"column":29},"end":{"line":133,"column":1}},"8":{"start":{"line":71,"column":2},"end":{"line":76,"column":3}},"9":{"start":{"line":72,"column":17},"end":{"line":72,"column":42}},"10":{"start":{"line":73,"column":18},"end":{"line":73,"column":68}},"11":{"start":{"line":74,"column":16},"end":{"line":74,"column":30}},"12":{"start":{"line":75,"column":4},"end":{"line":75,"column":38}},"13":{"start":{"line":78,"column":21},"end":{"line":78,"column":46}},"14":{"start":{"line":79,"column":17},"end":{"line":79,"column":39}},"15":{"start":{"line":80,"column":25},"end":{"line":80,"column":47}},"16":{"start":{"line":81,"column":2},"end":{"line":132,"column":4}}},"fnMap":{"0":{"name":"(anonymous_0)","decl":{"start":{"line":61,"column":29},"end":{"line":61,"column":30}},"loc":{"start":{"line":69,"column":33},"end":{"line":133,"column":1}},"line":69}},"branchMap":{"0":{"loc":{"start":{"line":71,"column":2},"end":{"line":76,"column":3}},"type":"if","locations":[{"start":{"line":71,"column":2},"end":{"line":76,"column":3}},{"start":{},"end":{}}],"line":71},"1":{"loc":{"start":{"line":79,"column":17},"end":{"line":79,"column":39}},"type":"cond-expr","locations":[{"start":{"line":79,"column":30},"end":{"line":79,"column":33}},{"start":{"line":79,"column":36},"end":{"line":79,"column":39}}],"line":79},"2":{"loc":{"start":{"line":80,"column":25},"end":{"line":80,"column":47}},"type":"cond-expr","locations":[{"start":{"line":80,"column":38},"end":{"line":80,"column":41}},{"start":{"line":80,"column":44},"end":{"line":80,"column":47}}],"line":80},"3":{"loc":{"start":{"line":112,"column":23},"end":{"line":112,"column":71}},"type":"cond-expr","locations":[{"start":{"line":112,"column":51},"end":{"line":112,"column":62}},{"start":{"line":112,"column":65},"end":{"line":112,"column":71}}],"line":112}},"s":{"0":1,"1":1,"2":1,"3":1,"4":1,"5":1,"6":1,"7":1,"8":2,"9":1,"10":1,"11":1,"12":1,"13":2,"14":2,"15":2,"16":2},"f":{"0":2},"b":{"0":[1,1],"1":[0,2],"2":[0,2],"3":[0,2]},"_coverageSchema":"1a1c01bbd47fc00a2c39e90264f33305004495a9","hash":"53f89abb60d6dcb303f2dfc43ed7b23600f70c47"}
,"C:\\Users\\Admin\\Desktop\\Devlopement\\CryptoStreamHub\\frontend\\src\\components\\molecules\\ResetPasswordCard\\index.tsx": {"path":"C:\\Users\\Admin\\Desktop\\Devlopement\\CryptoStreamHub\\frontend\\src\\components\\molecules\\ResetPasswordCard\\index.tsx","statementMap":{"0":{"start":{"line":19,"column":18},"end":{"line":28,"column":2}},"1":{"start":{"line":30,"column":24},"end":{"line":37,"column":2}},"2":{"start":{"line":39,"column":57},"end":{"line":74,"column":1}},"3":{"start":{"line":40,"column":2},"end":{"line":73,"column":4}}},"fnMap":{"0":{"name":"(anonymous_0)","decl":{"start":{"line":39,"column":57},"end":{"line":39,"column":58}},"loc":{"start":{"line":39,"column":74},"end":{"line":74,"column":1}},"line":39}},"branchMap":{},"s":{"0":1,"1":1,"2":1,"3":2},"f":{"0":2},"b":{},"_coverageSchema":"1a1c01bbd47fc00a2c39e90264f33305004495a9","hash":"5987b777611bfb3dd212e91ef98153afb249c931"}
,"C:\\Users\\Admin\\Desktop\\Devlopement\\CryptoStreamHub\\frontend\\src\\components\\molecules\\SocialCard\\index.tsx": {"path":"C:\\Users\\Admin\\Desktop\\Devlopement\\CryptoStreamHub\\frontend\\src\\components\\molecules\\SocialCard\\index.tsx","statementMap":{"0":{"start":{"line":13,"column":18},"end":{"line":23,"column":2}},"1":{"start":{"line":25,"column":19},"end":{"line":28,"column":2}},"2":{"start":{"line":30,"column":18},"end":{"line":33,"column":2}},"3":{"start":{"line":35,"column":23},"end":{"line":50,"column":1}},"4":{"start":{"line":36,"column":2},"end":{"line":49,"column":4}}},"fnMap":{"0":{"name":"(anonymous_0)","decl":{"start":{"line":35,"column":23},"end":{"line":35,"column":24}},"loc":{"start":{"line":35,"column":71},"end":{"line":50,"column":1}},"line":35}},"branchMap":{},"s":{"0":1,"1":1,"2":1,"3":1,"4":1},"f":{"0":1},"b":{},"_coverageSchema":"1a1c01bbd47fc00a2c39e90264f33305004495a9","hash":"55d52dff02b2dad1822fe2da307e34040df767b2"}
,"C:\\Users\\Admin\\Desktop\\Devlopement\\CryptoStreamHub\\frontend\\src\\components\\molecules\\Tabs\\index.tsx": {"path":"C:\\Users\\Admin\\Desktop\\Devlopement\\CryptoStreamHub\\frontend\\src\\components\\molecules\\Tabs\\index.tsx","statementMap":{"0":{"start":{"line":13,"column":18},"end":{"line":18,"column":2}},"1":{"start":{"line":20,"column":34},"end":{"line":68,"column":1}},"2":{"start":{"line":21,"column":26},"end":{"line":23,"column":3}},"3":{"start":{"line":22,"column":4},"end":{"line":22,"column":26}},"4":{"start":{"line":25,"column":2},"end":{"line":67,"column":4}}},"fnMap":{"0":{"name":"(anonymous_0)","decl":{"start":{"line":20,"column":34},"end":{"line":20,"column":35}},"loc":{"start":{"line":20,"column":68},"end":{"line":68,"column":1}},"line":20},"1":{"name":"(anonymous_1)","decl":{"start":{"line":21,"column":26},"end":{"line":21,"column":27}},"loc":{"start":{"line":21,"column":77},"end":{"line":23,"column":3}},"line":21}},"branchMap":{"0":{"loc":{"start":{"line":37,"column":18},"end":{"line":39,"column":62}},"type":"cond-expr","locations":[{"start":{"line":38,"column":22},"end":{"line":38,"column":48}},{"start":{"line":39,"column":22},"end":{"line":39,"column":62}}],"line":37},"1":{"loc":{"start":{"line":56,"column":18},"end":{"line":58,"column":62}},"type":"cond-expr","locations":[{"start":{"line":57,"column":22},"end":{"line":57,"column":48}},{"start":{"line":58,"column":22},"end":{"line":58,"column":62}}],"line":56}},"s":{"0":1,"1":1,"2":4,"3":1,"4":4},"f":{"0":4,"1":1},"b":{"0":[3,1],"1":[1,3]},"_coverageSchema":"1a1c01bbd47fc00a2c39e90264f33305004495a9","hash":"993b184f9194a8a75a132cea23b0ef5ca5011bf0"}
,"C:\\Users\\Admin\\Desktop\\Devlopement\\CryptoStreamHub\\frontend\\src\\components\\molecules\\TextFieldTypography\\index.tsx": {"path":"C:\\Users\\Admin\\Desktop\\Devlopement\\CryptoStreamHub\\frontend\\src\\components\\molecules\\TextFieldTypography\\index.tsx","statementMap":{"0":{"start":{"line":19,"column":18},"end":{"line":22,"column":2}},"1":{"start":{"line":24,"column":31},"end":{"line":40,"column":2}},"2":{"start":{"line":42,"column":32},"end":{"line":65,"column":1}},"3":{"start":{"line":43,"column":2},"end":{"line":64,"column":4}}},"fnMap":{"0":{"name":"(anonymous_0)","decl":{"start":{"line":42,"column":32},"end":{"line":42,"column":33}},"loc":{"start":{"line":42,"column":73},"end":{"line":65,"column":1}},"line":42}},"branchMap":{},"s":{"0":1,"1":1,"2":1,"3":3},"f":{"0":3},"b":{},"_coverageSchema":"1a1c01bbd47fc00a2c39e90264f33305004495a9","hash":"d6aeef8d2d90c3dbbbf33d91e04f63af6c7236c0"}
,"C:\\Users\\Admin\\Desktop\\Devlopement\\CryptoStreamHub\\frontend\\src\\components\\molecules\\TradeHeader\\index.tsx": {"path":"C:\\Users\\Admin\\Desktop\\Devlopement\\CryptoStreamHub\\frontend\\src\\components\\molecules\\TradeHeader\\index.tsx","statementMap":{"0":{"start":{"line":23,"column":24},"end":{"line":31,"column":2}},"1":{"start":{"line":33,"column":18},"end":{"line":37,"column":2}},"2":{"start":{"line":39,"column":25},"end":{"line":41,"column":2}},"3":{"start":{"line":43,"column":23},"end":{"line":47,"column":2}},"4":{"start":{"line":49,"column":23},"end":{"line":52,"column":2}},"5":{"start":{"line":54,"column":19},"end":{"line":57,"column":2}},"6":{"start":{"line":59,"column":44},"end":{"line":156,"column":1}},"7":{"start":{"line":68,"column":2},"end":{"line":155,"column":4}}},"fnMap":{"0":{"name":"(anonymous_0)","decl":{"start":{"line":59,"column":44},"end":{"line":59,"column":45}},"loc":{"start":{"line":67,"column":6},"end":{"line":156,"column":1}},"line":67}},"branchMap":{"0":{"loc":{"start":{"line":91,"column":18},"end":{"line":93,"column":52}},"type":"cond-expr","locations":[{"start":{"line":92,"column":22},"end":{"line":92,"column":54}},{"start":{"line":93,"column":22},"end":{"line":93,"column":52}}],"line":91},"1":{"loc":{"start":{"line":96,"column":15},"end":{"line":96,"column":66}},"type":"cond-expr","locations":[{"start":{"line":96,"column":32},"end":{"line":96,"column":48}},{"start":{"line":96,"column":51},"end":{"line":96,"column":66}}],"line":96}},"s":{"0":1,"1":1,"2":1,"3":1,"4":1,"5":1,"6":1,"7":2},"f":{"0":2},"b":{"0":[1,1],"1":[1,1]},"_coverageSchema":"1a1c01bbd47fc00a2c39e90264f33305004495a9","hash":"be53c9c608be28be1ccbf28705bb19718f528992"}
,"C:\\Users\\Admin\\Desktop\\Devlopement\\CryptoStreamHub\\frontend\\src\\components\\molecules\\USDCoin\\index.tsx": {"path":"C:\\Users\\Admin\\Desktop\\Devlopement\\CryptoStreamHub\\frontend\\src\\components\\molecules\\USDCoin\\index.tsx","statementMap":{"0":{"start":{"line":15,"column":18},"end":{"line":25,"column":2}},"1":{"start":{"line":27,"column":29},"end":{"line":33,"column":2}},"2":{"start":{"line":35,"column":28},"end":{"line":39,"column":2}},"3":{"start":{"line":41,"column":24},"end":{"line":48,"column":2}},"4":{"start":{"line":50,"column":21},"end":{"line":54,"column":2}},"5":{"start":{"line":56,"column":16},"end":{"line":85,"column":1}},"6":{"start":{"line":57,"column":2},"end":{"line":84,"column":14}}},"fnMap":{"0":{"name":"(anonymous_0)","decl":{"start":{"line":56,"column":16},"end":{"line":56,"column":17}},"loc":{"start":{"line":57,"column":2},"end":{"line":84,"column":14}},"line":57}},"branchMap":{},"s":{"0":1,"1":1,"2":1,"3":1,"4":1,"5":1,"6":2},"f":{"0":2},"b":{},"_coverageSchema":"1a1c01bbd47fc00a2c39e90264f33305004495a9","hash":"1972e010d061526ce62f97dd48795d3db5e06cea"}
,"C:\\Users\\Admin\\Desktop\\Devlopement\\CryptoStreamHub\\frontend\\src\\theme\\index.tsx": {"path":"C:\\Users\\Admin\\Desktop\\Devlopement\\CryptoStreamHub\\frontend\\src\\theme\\index.tsx","statementMap":{"0":{"start":{"line":94,"column":14},"end":{"line":218,"column":2}}},"fnMap":{},"branchMap":{},"s":{"0":14},"f":{},"b":{},"_coverageSchema":"1a1c01bbd47fc00a2c39e90264f33305004495a9","hash":"5bba81958c45206e93639b68e71a26ed95e910fe"}
}
