TN:
SF:public\assets\icons\FaceBook.png
FNF:0
FNH:0
DA:1,6
LF:1
LH:1
BRF:0
BRH:0
end_of_record
TN:
SF:public\assets\icons\Google.png
FNF:0
FNH:0
DA:1,6
LF:1
LH:1
BRF:0
BRH:0
end_of_record
TN:
SF:public\assets\icons\Microsoft.png
FNF:0
FNH:0
DA:1,6
LF:1
LH:1
BRF:0
BRH:0
end_of_record
TN:
SF:public\assets\images\BitCoin.png
FNF:0
FNH:0
DA:1,1
LF:1
LH:1
BRF:0
BRH:0
end_of_record
TN:
SF:src\components\atoms\Button\index.tsx
FN:10,(anonymous_0)
FNF:1
FNH:1
FNDA:18,(anonymous_0)
DA:6,7
DA:10,7
DA:11,18
LF:3
LH:3
BRF:0
BRH:0
end_of_record
TN:
SF:src\components\atoms\Chip\index.tsx
FN:4,(anonymous_0)
FNF:1
FNH:1
FNDA:4,(anonymous_0)
DA:4,2
DA:5,4
LF:2
LH:2
BRF:0
BRH:0
end_of_record
TN:
SF:src\components\atoms\Icon\index.tsx
FN:10,(anonymous_0)
FNF:1
FNH:1
FNDA:31,(anonymous_0)
DA:10,9
DA:11,31
LF:2
LH:2
BRF:0
BRH:0
end_of_record
TN:
SF:src\components\atoms\Image\index.tsx
FN:9,(anonymous_0)
FNF:1
FNH:1
FNDA:9,(anonymous_0)
DA:9,4
DA:10,9
LF:2
LH:2
BRF:0
BRH:0
end_of_record
TN:
SF:src\components\atoms\Slider\index.tsx
FN:29,(anonymous_0)
FNF:1
FNH:1
FNDA:2,(anonymous_0)
DA:9,1
DA:24,1
DA:29,1
DA:30,2
LF:4
LH:4
BRF:0
BRH:0
end_of_record
TN:
SF:src\components\atoms\TextFields\index.tsx
FN:17,(anonymous_0)
FNF:1
FNH:1
FNDA:6,(anonymous_0)
DA:5,2
DA:17,2
DA:18,6
LF:3
LH:3
BRF:0
BRH:0
end_of_record
TN:
SF:src\components\atoms\Typography\index.tsx
FN:8,(anonymous_0)
FNF:1
FNH:1
FNDA:120,(anonymous_0)
DA:8,13
DA:9,120
LF:2
LH:2
BRF:0
BRH:0
end_of_record
TN:
SF:src\components\molecules\BuySellSummaryCard\index.tsx
FN:61,(anonymous_0)
FN:105,(anonymous_1)
FNF:2
FNH:2
FNDA:6,(anonymous_0)
FNDA:2,(anonymous_1)
DA:13,1
DA:20,1
DA:29,1
DA:34,1
DA:41,1
DA:54,1
DA:61,1
DA:66,6
DA:105,1
DA:119,2
LF:10
LH:10
BRDA:126,0,0,1
BRDA:126,0,1,1
BRDA:143,1,0,1
BRDA:143,1,1,1
BRDA:145,2,0,1
BRDA:145,2,1,1
BRDA:175,3,0,1
BRDA:175,3,1,1
BRDA:184,4,0,1
BRDA:184,4,1,1
BRDA:301,5,0,1
BRDA:301,5,1,1
BRF:12
BRH:12
end_of_record
TN:
SF:src\components\molecules\ChooseCryptoCard\index.tsx
FN:36,(anonymous_0)
FNF:1
FNH:1
FNDA:3,(anonymous_0)
DA:15,1
DA:25,1
DA:31,1
DA:36,1
DA:43,3
LF:5
LH:5
BRDA:46,0,0,2
BRDA:46,0,1,1
BRDA:78,1,0,3
BRDA:78,1,1,2
BRF:4
BRH:4
end_of_record
TN:
SF:src\components\molecules\CryptoTableRow\index.tsx
FN:105,(anonymous_0)
FNF:1
FNH:1
FNDA:4,(anonymous_0)
DA:24,1
DA:30,1
DA:36,1
DA:46,1
DA:56,1
DA:66,1
DA:76,1
DA:86,1
DA:100,1
DA:105,1
DA:118,4
LF:11
LH:11
BRDA:145,0,0,1
BRDA:145,0,1,3
BRDA:150,1,0,3
BRDA:150,1,1,1
BRDA:165,2,0,3
BRDA:165,2,1,1
BRF:6
BRH:6
end_of_record
TN:
SF:src\components\molecules\Footer\index.tsx
FN:38,(anonymous_0)
FNF:1
FNH:1
FNDA:1,(anonymous_0)
DA:17,1
DA:25,1
DA:32,1
DA:38,1
DA:46,1
LF:5
LH:5
BRF:0
BRH:0
end_of_record
TN:
SF:src\components\molecules\PaymentSuccessCard\index.tsx
FN:37,(anonymous_0)
FNF:1
FNH:1
FNDA:2,(anonymous_0)
DA:17,1
DA:26,1
DA:33,1
DA:37,1
DA:45,2
LF:5
LH:5
BRF:0
BRH:0
end_of_record
TN:
SF:src\components\molecules\RecentTransactionRow\index.tsx
FN:61,(anonymous_0)
FNF:1
FNH:1
FNDA:2,(anonymous_0)
DA:19,1
DA:24,1
DA:30,1
DA:36,1
DA:43,1
DA:50,1
DA:54,1
DA:61,1
DA:71,2
DA:72,1
DA:73,1
DA:74,1
DA:75,1
DA:78,2
DA:79,2
DA:80,2
DA:81,2
LF:17
LH:17
BRDA:71,0,0,1
BRDA:71,0,1,1
BRDA:79,1,0,0
BRDA:79,1,1,2
BRDA:80,2,0,0
BRDA:80,2,1,2
BRDA:112,3,0,0
BRDA:112,3,1,2
BRF:8
BRH:5
end_of_record
TN:
SF:src\components\molecules\ResetPasswordCard\index.tsx
FN:39,(anonymous_0)
FNF:1
FNH:1
FNDA:2,(anonymous_0)
DA:19,1
DA:30,1
DA:39,1
DA:40,2
LF:4
LH:4
BRF:0
BRH:0
end_of_record
TN:
SF:src\components\molecules\SocialCard\index.tsx
FN:35,(anonymous_0)
FNF:1
FNH:1
FNDA:1,(anonymous_0)
DA:13,1
DA:25,1
DA:30,1
DA:35,1
DA:36,1
LF:5
LH:5
BRF:0
BRH:0
end_of_record
TN:
SF:src\components\molecules\Tabs\index.tsx
FN:20,(anonymous_0)
FN:21,(anonymous_1)
FNF:2
FNH:2
FNDA:4,(anonymous_0)
FNDA:1,(anonymous_1)
DA:13,1
DA:20,1
DA:21,4
DA:22,1
DA:25,4
LF:5
LH:5
BRDA:37,0,0,3
BRDA:37,0,1,1
BRDA:56,1,0,1
BRDA:56,1,1,3
BRF:4
BRH:4
end_of_record
TN:
SF:src\components\molecules\TextFieldTypography\index.tsx
FN:42,(anonymous_0)
FNF:1
FNH:1
FNDA:3,(anonymous_0)
DA:19,1
DA:24,1
DA:42,1
DA:43,3
LF:4
LH:4
BRF:0
BRH:0
end_of_record
TN:
SF:src\components\molecules\TradeHeader\index.tsx
FN:59,(anonymous_0)
FNF:1
FNH:1
FNDA:2,(anonymous_0)
DA:23,1
DA:33,1
DA:39,1
DA:43,1
DA:49,1
DA:54,1
DA:59,1
DA:68,2
LF:8
LH:8
BRDA:91,0,0,1
BRDA:91,0,1,1
BRDA:96,1,0,1
BRDA:96,1,1,1
BRF:4
BRH:4
end_of_record
TN:
SF:src\components\molecules\USDCoin\index.tsx
FN:56,(anonymous_0)
FNF:1
FNH:1
FNDA:2,(anonymous_0)
DA:15,1
DA:27,1
DA:35,1
DA:41,1
DA:50,1
DA:56,1
DA:57,2
LF:7
LH:7
BRF:0
BRH:0
end_of_record
TN:
SF:src\theme\index.tsx
FNF:0
FNH:0
DA:94,14
LF:1
LH:1
BRF:0
BRH:0
end_of_record
